# JRE version: Java(TM) SE Runtime Environment 18.9 (11.0.16+11) (build 11.0.16+11-LTS-199)
# Java VM: Java HotSpot(TM) 64-Bit Server VM 18.9 (11.0.16+11-LTS-199, mixed mode, tiered, compressed oops, g1 gc, windows-amd64)
Heap:
 garbage-first heap   total 270336K, used 222962K [0x0000000080000000, 0x0000000100000000)
  region size 1024K, 27 young (27648K), 1 survivors (1024K)
 Metaspace       used 140729K, capacity 146007K, committed 146256K, reserved 643072K
  class space    used 18922K, capacity 20997K, committed 21120K, reserved 516096K
GC Heap History (10 events):
Event: 143.670 GC heap before
{Heap before GC invocations=114 (full 0):
 garbage-first heap   total 270336K, used 232070K [0x0000000080000000, 0x0000000100000000)
  region size 1024K, 41 young (41984K), 2 survivors (2048K)
 Metaspace       used 132016K, capacity 137270K, committed 137552K, reserved 634880K
  class space    used 18032K, capacity 20071K, committed 20096K, reserved 516096K
}
Event: 143.675 GC heap after
{Heap after GC invocations=115 (full 0):
 garbage-first heap   total 270336K, used 195454K [0x0000000080000000, 0x0000000100000000)
  region size 1024K, 5 young (5120K), 5 survivors (5120K)
 Metaspace       used 132016K, capacity 137270K, committed 137552K, reserved 634880K
  class space    used 18032K, capacity 20071K, committed 20096K, reserved 516096K
}
Event: 143.837 GC heap before
{Heap before GC invocations=115 (full 0):
 garbage-first heap   total 270336K, used 203646K [0x0000000080000000, 0x0000000100000000)
  region size 1024K, 13 young (13312K), 5 survivors (5120K)
 Metaspace       used 132558K, capacity 137849K, committed 138192K, reserved 634880K
  class space    used 18094K, capacity 20136K, committed 20224K, reserved 516096K
}
Event: 143.842 GC heap after
{Heap after GC invocations=116 (full 0):
 garbage-first heap   total 270336K, used 195177K [0x0000000080000000, 0x0000000100000000)
  region size 1024K, 1 young (1024K), 1 survivors (1024K)
 Metaspace       used 132558K, capacity 137849K, committed 138192K, reserved 634880K
  class space    used 18094K, capacity 20136K, committed 20224K, reserved 516096K
}
Event: 144.305 GC heap before
{Heap before GC invocations=116 (full 0):
 garbage-first heap   total 270336K, used 228969K [0x0000000080000000, 0x0000000100000000)
  region size 1024K, 34 young (34816K), 1 survivors (1024K)
 Metaspace       used 135173K, capacity 140454K, committed 140752K, reserved 636928K
  class space    used 18326K, capacity 20362K, committed 20480K, reserved 516096K
}
Event: 144.309 GC heap after
{Heap after GC invocations=117 (full 0):
 garbage-first heap   total 270336K, used 196132K [0x0000000080000000, 0x0000000100000000)
  region size 1024K, 2 young (2048K), 2 survivors (2048K)
 Metaspace       used 135173K, capacity 140454K, committed 140752K, reserved 636928K
  class space    used 18326K, capacity 20362K, committed 20480K, reserved 516096K
}
Event: 144.886 GC heap before
{Heap before GC invocations=118 (full 0):
 garbage-first heap   total 270336K, used 230948K [0x0000000080000000, 0x0000000100000000)
  region size 1024K, 36 young (36864K), 2 survivors (2048K)
 Metaspace       used 137959K, capacity 143214K, committed 143568K, reserved 638976K
  class space    used 18587K, capacity 20621K, committed 20736K, reserved 516096K
}
Event: 144.890 GC heap after
{Heap after GC invocations=119 (full 0):
 garbage-first heap   total 270336K, used 197510K [0x0000000080000000, 0x0000000100000000)
  region size 1024K, 4 young (4096K), 4 survivors (4096K)
 Metaspace       used 137959K, capacity 143214K, committed 143568K, reserved 638976K
  class space    used 18587K, capacity 20621K, committed 20736K, reserved 516096K
}
Event: 145.034 GC heap before
{Heap before GC invocations=119 (full 0):
 garbage-first heap   total 270336K, used 205702K [0x0000000080000000, 0x0000000100000000)
  region size 1024K, 13 young (13312K), 4 survivors (4096K)
 Metaspace       used 138797K, capacity 144041K, committed 144080K, reserved 641024K
  class space    used 18681K, capacity 20725K, committed 20736K, reserved 516096K
}
Event: 145.038 GC heap after
{Heap after GC invocations=120 (full 0):
 garbage-first heap   total 270336K, used 197362K [0x0000000080000000, 0x0000000100000000)
  region size 1024K, 1 young (1024K), 1 survivors (1024K)
 Metaspace       used 138797K, capacity 144041K, committed 144080K, reserved 641024K
  class space    used 18681K, capacity 20725K, committed 20736K, reserved 516096K
}

