# JRE version: Java(TM) SE Runtime Environment 18.9 (11.0.16+11) (build 11.0.16+11-LTS-199)
# Java VM: Java HotSpot(TM) 64-Bit Server VM 18.9 (11.0.16+11-LTS-199, mixed mode, tiered, compressed oops, g1 gc, windows-amd64)
Heap:
 garbage-first heap   total 129024K, used 36311K [0x0000000080000000, 0x0000000100000000)
  region size 1024K, 8 young (8192K), 4 survivors (4096K)
 Metaspace       used 45576K, capacity 46823K, committed 47056K, reserved 557056K
  class space    used 5888K, capacity 6384K, committed 6400K, reserved 516096K
GC Heap History (10 events):
Event: 8.691 GC heap before
{Heap before GC invocations=4 (full 0):
 garbage-first heap   total 129024K, used 65710K [0x0000000080000000, 0x0000000100000000)
  region size 1024K, 48 young (49152K), 2 survivors (2048K)
 Metaspace       used 24489K, capacity 25123K, committed 25216K, reserved 538624K
  class space    used 3169K, capacity 3386K, committed 3456K, reserved 516096K
}
Event: 8.696 GC heap after
{Heap after GC invocations=5 (full 0):
 garbage-first heap   total 129024K, used 19749K [0x0000000080000000, 0x0000000100000000)
  region size 1024K, 3 young (3072K), 3 survivors (3072K)
 Metaspace       used 24489K, capacity 25123K, committed 25216K, reserved 538624K
  class space    used 3169K, capacity 3386K, committed 3456K, reserved 516096K
}
Event: 10.136 GC heap before
{Heap before GC invocations=5 (full 0):
 garbage-first heap   total 129024K, used 74021K [0x0000000080000000, 0x0000000100000000)
  region size 1024K, 56 young (57344K), 3 survivors (3072K)
 Metaspace       used 29520K, capacity 30212K, committed 30336K, reserved 542720K
  class space    used 3955K, capacity 4217K, committed 4224K, reserved 516096K
}
Event: 10.142 GC heap after
{Heap after GC invocations=6 (full 0):
 garbage-first heap   total 129024K, used 21600K [0x0000000080000000, 0x0000000100000000)
  region size 1024K, 5 young (5120K), 5 survivors (5120K)
 Metaspace       used 29520K, capacity 30212K, committed 30336K, reserved 542720K
  class space    used 3955K, capacity 4217K, committed 4224K, reserved 516096K
}
Event: 11.421 GC heap before
{Heap before GC invocations=6 (full 0):
 garbage-first heap   total 129024K, used 59488K [0x0000000080000000, 0x0000000100000000)
  region size 1024K, 43 young (44032K), 5 survivors (5120K)
 Metaspace       used 35085K, capacity 35917K, committed 36048K, reserved 548864K
  class space    used 4661K, capacity 5036K, committed 5120K, reserved 516096K
}
Event: 11.431 GC heap after
{Heap after GC invocations=7 (full 0):
 garbage-first heap   total 129024K, used 23782K [0x0000000080000000, 0x0000000100000000)
  region size 1024K, 7 young (7168K), 7 survivors (7168K)
 Metaspace       used 35085K, capacity 35917K, committed 36048K, reserved 548864K
  class space    used 4661K, capacity 5036K, committed 5120K, reserved 516096K
}
Event: 13.017 GC heap before
{Heap before GC invocations=8 (full 0):
 garbage-first heap   total 129024K, used 86246K [0x0000000080000000, 0x0000000100000000)
  region size 1024K, 66 young (67584K), 7 survivors (7168K)
 Metaspace       used 41219K, capacity 42212K, committed 42320K, reserved 552960K
  class space    used 5301K, capacity 5725K, committed 5760K, reserved 516096K
}
Event: 13.031 GC heap after
{Heap after GC invocations=9 (full 0):
 garbage-first heap   total 129024K, used 29426K [0x0000000080000000, 0x0000000100000000)
  region size 1024K, 9 young (9216K), 9 survivors (9216K)
 Metaspace       used 41219K, capacity 42212K, committed 42320K, reserved 552960K
  class space    used 5301K, capacity 5725K, committed 5760K, reserved 516096K
}
Event: 21.224 GC heap before
{Heap before GC invocations=9 (full 0):
 garbage-first heap   total 129024K, used 88818K [0x0000000080000000, 0x0000000100000000)
  region size 1024K, 67 young (68608K), 9 survivors (9216K)
 Metaspace       used 45250K, capacity 46528K, committed 46800K, reserved 557056K
  class space    used 5825K, capacity 6350K, committed 6400K, reserved 516096K
}
Event: 21.237 GC heap after
{Heap after GC invocations=10 (full 0):
 garbage-first heap   total 129024K, used 33239K [0x0000000080000000, 0x0000000100000000)
  region size 1024K, 4 young (4096K), 4 survivors (4096K)
 Metaspace       used 45250K, capacity 46528K, committed 46800K, reserved 557056K
  class space    used 5825K, capacity 6350K, committed 6400K, reserved 516096K
}

