# JRE version: OpenJDK Runtime Environment Temurin-17.0.7+7 (17.0.7+7) (build 17.0.7+7)
# Java VM: OpenJDK 64-Bit Server VM Temurin-17.0.7+7 (17.0.7+7, mixed mode, tiered, compressed oops, compressed class ptrs, parallel gc, windows-amd64)
GC Precious Log:
 CPUs: 8 total, 8 available
 Memory: 8013M
 Large Page Support: Disabled
 NUMA Support: Disabled
 Compressed Oops: Enabled (32-bit)
 Alignments: Space 512K, Generation 512K, Heap 2M
 Heap Min Capacity: 100M
 Heap Initial Capacity: 100M
 Heap Max Capacity: 1G
 Pre-touch: Disabled
 Parallel Workers: 8
Heap:
 PSYoungGen      total 22016K, used 1645K [0x00000000eab00000, 0x00000000ec700000, 0x0000000100000000)
  eden space 21504K, 5% used [0x00000000eab00000,0x00000000eac23490,0x00000000ec000000)
  from space 512K, 93% used [0x00000000ec600000,0x00000000ec678000,0x00000000ec680000)
  to   space 512K, 0% used [0x00000000ec680000,0x00000000ec680000,0x00000000ec700000)
 ParOldGen       total 68608K, used 46264K [0x00000000c0000000, 0x00000000c4300000, 0x00000000eab00000)
  object space 68608K, 67% used [0x00000000c0000000,0x00000000c2d2e078,0x00000000c4300000)
 Metaspace       used 60205K, committed 61184K, reserved 1114112K
  class space    used 7009K, committed 7424K, reserved 1048576K
GC Heap History (20 events):
Event: 16.093 GC heap after
{Heap after GC invocations=32 (full 2):
 PSYoungGen      total 22528K, used 672K [0x00000000eab00000, 0x00000000eca80000, 0x0000000100000000)
  eden space 21504K, 0% used [0x00000000eab00000,0x00000000eab00000,0x00000000ec000000)
  from space 1024K, 65% used [0x00000000ec980000,0x00000000eca28000,0x00000000eca80000)
  to   space 3584K, 0% used [0x00000000ec380000,0x00000000ec380000,0x00000000ec700000)
 ParOldGen       total 68608K, used 41672K [0x00000000c0000000, 0x00000000c4300000, 0x00000000eab00000)
  object space 68608K, 60% used [0x00000000c0000000,0x00000000c28b2248,0x00000000c4300000)
 Metaspace       used 52687K, committed 53632K, reserved 1114112K
  class space    used 5891K, committed 6336K, reserved 1048576K
}
Event: 16.577 GC heap before
{Heap before GC invocations=33 (full 2):
 PSYoungGen      total 22528K, used 22176K [0x00000000eab00000, 0x00000000eca80000, 0x0000000100000000)
  eden space 21504K, 100% used [0x00000000eab00000,0x00000000ec000000,0x00000000ec000000)
  from space 1024K, 65% used [0x00000000ec980000,0x00000000eca28000,0x00000000eca80000)
  to   space 3584K, 0% used [0x00000000ec380000,0x00000000ec380000,0x00000000ec700000)
 ParOldGen       total 68608K, used 41672K [0x00000000c0000000, 0x00000000c4300000, 0x00000000eab00000)
  object space 68608K, 60% used [0x00000000c0000000,0x00000000c28b2248,0x00000000c4300000)
 Metaspace       used 52749K, committed 53696K, reserved 1114112K
  class space    used 5899K, committed 6336K, reserved 1048576K
}
Event: 16.579 GC heap after
{Heap after GC invocations=33 (full 2):
 PSYoungGen      total 25088K, used 3575K [0x00000000eab00000, 0x00000000ecb00000, 0x0000000100000000)
  eden space 21504K, 0% used [0x00000000eab00000,0x00000000eab00000,0x00000000ec000000)
  from space 3584K, 99% used [0x00000000ec380000,0x00000000ec6fde88,0x00000000ec700000)
  to   space 4096K, 0% used [0x00000000ec700000,0x00000000ec700000,0x00000000ecb00000)
 ParOldGen       total 68608K, used 42703K [0x00000000c0000000, 0x00000000c4300000, 0x00000000eab00000)
  object space 68608K, 62% used [0x00000000c0000000,0x00000000c29b3f80,0x00000000c4300000)
 Metaspace       used 52749K, committed 53696K, reserved 1114112K
  class space    used 5899K, committed 6336K, reserved 1048576K
}
Event: 17.181 GC heap before
{Heap before GC invocations=34 (full 2):
 PSYoungGen      total 25088K, used 25079K [0x00000000eab00000, 0x00000000ecb00000, 0x0000000100000000)
  eden space 21504K, 100% used [0x00000000eab00000,0x00000000ec000000,0x00000000ec000000)
  from space 3584K, 99% used [0x00000000ec380000,0x00000000ec6fde88,0x00000000ec700000)
  to   space 4096K, 0% used [0x00000000ec700000,0x00000000ec700000,0x00000000ecb00000)
 ParOldGen       total 68608K, used 42703K [0x00000000c0000000, 0x00000000c4300000, 0x00000000eab00000)
  object space 68608K, 62% used [0x00000000c0000000,0x00000000c29b3f80,0x00000000c4300000)
 Metaspace       used 54756K, committed 55680K, reserved 1114112K
  class space    used 6268K, committed 6720K, reserved 1048576K
}
Event: 17.184 GC heap after
{Heap after GC invocations=34 (full 2):
 PSYoungGen      total 22528K, used 864K [0x00000000eab00000, 0x00000000ec800000, 0x0000000100000000)
  eden space 21504K, 0% used [0x00000000eab00000,0x00000000eab00000,0x00000000ec000000)
  from space 1024K, 84% used [0x00000000ec700000,0x00000000ec7d8000,0x00000000ec800000)
  to   space 2560K, 0% used [0x00000000ec300000,0x00000000ec300000,0x00000000ec580000)
 ParOldGen       total 68608K, used 46223K [0x00000000c0000000, 0x00000000c4300000, 0x00000000eab00000)
  object space 68608K, 67% used [0x00000000c0000000,0x00000000c2d23cc8,0x00000000c4300000)
 Metaspace       used 54756K, committed 55680K, reserved 1114112K
  class space    used 6268K, committed 6720K, reserved 1048576K
}
Event: 18.527 GC heap before
{Heap before GC invocations=35 (full 2):
 PSYoungGen      total 22528K, used 22368K [0x00000000eab00000, 0x00000000ec800000, 0x0000000100000000)
  eden space 21504K, 100% used [0x00000000eab00000,0x00000000ec000000,0x00000000ec000000)
  from space 1024K, 84% used [0x00000000ec700000,0x00000000ec7d8000,0x00000000ec800000)
  to   space 2560K, 0% used [0x00000000ec300000,0x00000000ec300000,0x00000000ec580000)
 ParOldGen       total 68608K, used 46223K [0x00000000c0000000, 0x00000000c4300000, 0x00000000eab00000)
  object space 68608K, 67% used [0x00000000c0000000,0x00000000c2d23cc8,0x00000000c4300000)
 Metaspace       used 57218K, committed 58112K, reserved 1114112K
  class space    used 6638K, committed 7040K, reserved 1048576K
}
Event: 18.529 GC heap after
{Heap after GC invocations=35 (full 2):
 PSYoungGen      total 24064K, used 576K [0x00000000eab00000, 0x00000000ec780000, 0x0000000100000000)
  eden space 21504K, 0% used [0x00000000eab00000,0x00000000eab00000,0x00000000ec000000)
  from space 2560K, 22% used [0x00000000ec300000,0x00000000ec390000,0x00000000ec580000)
  to   space 1024K, 0% used [0x00000000ec680000,0x00000000ec680000,0x00000000ec780000)
 ParOldGen       total 68608K, used 46967K [0x00000000c0000000, 0x00000000c4300000, 0x00000000eab00000)
  object space 68608K, 68% used [0x00000000c0000000,0x00000000c2dddd28,0x00000000c4300000)
 Metaspace       used 57218K, committed 58112K, reserved 1114112K
  class space    used 6638K, committed 7040K, reserved 1048576K
}
Event: 41.543 GC heap before
{Heap before GC invocations=36 (full 2):
 PSYoungGen      total 24064K, used 22080K [0x00000000eab00000, 0x00000000ec780000, 0x0000000100000000)
  eden space 21504K, 100% used [0x00000000eab00000,0x00000000ec000000,0x00000000ec000000)
  from space 2560K, 22% used [0x00000000ec300000,0x00000000ec390000,0x00000000ec580000)
  to   space 1024K, 0% used [0x00000000ec680000,0x00000000ec680000,0x00000000ec780000)
 ParOldGen       total 68608K, used 46967K [0x00000000c0000000, 0x00000000c4300000, 0x00000000eab00000)
  object space 68608K, 68% used [0x00000000c0000000,0x00000000c2dddd28,0x00000000c4300000)
 Metaspace       used 58621K, committed 59456K, reserved 1114112K
  class space    used 6826K, committed 7232K, reserved 1048576K
}
Event: 41.545 GC heap after
{Heap after GC invocations=36 (full 2):
 PSYoungGen      total 22528K, used 608K [0x00000000eab00000, 0x00000000ec780000, 0x0000000100000000)
  eden space 21504K, 0% used [0x00000000eab00000,0x00000000eab00000,0x00000000ec000000)
  from space 1024K, 59% used [0x00000000ec680000,0x00000000ec718000,0x00000000ec780000)
  to   space 1024K, 0% used [0x00000000ec580000,0x00000000ec580000,0x00000000ec680000)
 ParOldGen       total 68608K, used 47414K [0x00000000c0000000, 0x00000000c4300000, 0x00000000eab00000)
  object space 68608K, 69% used [0x00000000c0000000,0x00000000c2e4da38,0x00000000c4300000)
 Metaspace       used 58621K, committed 59456K, reserved 1114112K
  class space    used 6826K, committed 7232K, reserved 1048576K
}
Event: 42.067 GC heap before
{Heap before GC invocations=37 (full 2):
 PSYoungGen      total 22528K, used 22112K [0x00000000eab00000, 0x00000000ec780000, 0x0000000100000000)
  eden space 21504K, 100% used [0x00000000eab00000,0x00000000ec000000,0x00000000ec000000)
  from space 1024K, 59% used [0x00000000ec680000,0x00000000ec718000,0x00000000ec780000)
  to   space 1024K, 0% used [0x00000000ec580000,0x00000000ec580000,0x00000000ec680000)
 ParOldGen       total 68608K, used 47414K [0x00000000c0000000, 0x00000000c4300000, 0x00000000eab00000)
  object space 68608K, 69% used [0x00000000c0000000,0x00000000c2e4da38,0x00000000c4300000)
 Metaspace       used 58622K, committed 59456K, reserved 1114112K
  class space    used 6826K, committed 7232K, reserved 1048576K
}
Event: 42.069 GC heap after
{Heap after GC invocations=37 (full 2):
 PSYoungGen      total 22528K, used 192K [0x00000000eab00000, 0x00000000ec700000, 0x0000000100000000)
  eden space 21504K, 0% used [0x00000000eab00000,0x00000000eab00000,0x00000000ec000000)
  from space 1024K, 18% used [0x00000000ec580000,0x00000000ec5b0000,0x00000000ec680000)
  to   space 512K, 0% used [0x00000000ec680000,0x00000000ec680000,0x00000000ec700000)
 ParOldGen       total 68608K, used 47906K [0x00000000c0000000, 0x00000000c4300000, 0x00000000eab00000)
  object space 68608K, 69% used [0x00000000c0000000,0x00000000c2ec8a48,0x00000000c4300000)
 Metaspace       used 58622K, committed 59456K, reserved 1114112K
  class space    used 6826K, committed 7232K, reserved 1048576K
}
Event: 44.993 GC heap before
{Heap before GC invocations=38 (full 2):
 PSYoungGen      total 22528K, used 21696K [0x00000000eab00000, 0x00000000ec700000, 0x0000000100000000)
  eden space 21504K, 100% used [0x00000000eab00000,0x00000000ec000000,0x00000000ec000000)
  from space 1024K, 18% used [0x00000000ec580000,0x00000000ec5b0000,0x00000000ec680000)
  to   space 512K, 0% used [0x00000000ec680000,0x00000000ec680000,0x00000000ec700000)
 ParOldGen       total 68608K, used 47906K [0x00000000c0000000, 0x00000000c4300000, 0x00000000eab00000)
  object space 68608K, 69% used [0x00000000c0000000,0x00000000c2ec8a48,0x00000000c4300000)
 Metaspace       used 58680K, committed 59584K, reserved 1114112K
  class space    used 6827K, committed 7232K, reserved 1048576K
}
Event: 44.994 GC heap after
{Heap after GC invocations=38 (full 2):
 PSYoungGen      total 22016K, used 224K [0x00000000eab00000, 0x00000000ec700000, 0x0000000100000000)
  eden space 21504K, 0% used [0x00000000eab00000,0x00000000eab00000,0x00000000ec000000)
  from space 512K, 43% used [0x00000000ec680000,0x00000000ec6b8000,0x00000000ec700000)
  to   space 512K, 0% used [0x00000000ec600000,0x00000000ec600000,0x00000000ec680000)
 ParOldGen       total 68608K, used 47946K [0x00000000c0000000, 0x00000000c4300000, 0x00000000eab00000)
  object space 68608K, 69% used [0x00000000c0000000,0x00000000c2ed2a48,0x00000000c4300000)
 Metaspace       used 58680K, committed 59584K, reserved 1114112K
  class space    used 6827K, committed 7232K, reserved 1048576K
}
Event: 45.225 GC heap before
{Heap before GC invocations=39 (full 2):
 PSYoungGen      total 22016K, used 21728K [0x00000000eab00000, 0x00000000ec700000, 0x0000000100000000)
  eden space 21504K, 100% used [0x00000000eab00000,0x00000000ec000000,0x00000000ec000000)
  from space 512K, 43% used [0x00000000ec680000,0x00000000ec6b8000,0x00000000ec700000)
  to   space 512K, 0% used [0x00000000ec600000,0x00000000ec600000,0x00000000ec680000)
 ParOldGen       total 68608K, used 47946K [0x00000000c0000000, 0x00000000c4300000, 0x00000000eab00000)
  object space 68608K, 69% used [0x00000000c0000000,0x00000000c2ed2a48,0x00000000c4300000)
 Metaspace       used 58688K, committed 59584K, reserved 1114112K
  class space    used 6828K, committed 7232K, reserved 1048576K
}
Event: 45.225 GC heap after
{Heap after GC invocations=39 (full 2):
 PSYoungGen      total 22016K, used 256K [0x00000000eab00000, 0x00000000ec700000, 0x0000000100000000)
  eden space 21504K, 0% used [0x00000000eab00000,0x00000000eab00000,0x00000000ec000000)
  from space 512K, 50% used [0x00000000ec600000,0x00000000ec640000,0x00000000ec680000)
  to   space 512K, 0% used [0x00000000ec680000,0x00000000ec680000,0x00000000ec700000)
 ParOldGen       total 68608K, used 48002K [0x00000000c0000000, 0x00000000c4300000, 0x00000000eab00000)
  object space 68608K, 69% used [0x00000000c0000000,0x00000000c2ee0a48,0x00000000c4300000)
 Metaspace       used 58688K, committed 59584K, reserved 1114112K
  class space    used 6828K, committed 7232K, reserved 1048576K
}
Event: 45.323 GC heap before
{Heap before GC invocations=40 (full 2):
 PSYoungGen      total 22016K, used 3328K [0x00000000eab00000, 0x00000000ec700000, 0x0000000100000000)
  eden space 21504K, 14% used [0x00000000eab00000,0x00000000eae002a8,0x00000000ec000000)
  from space 512K, 50% used [0x00000000ec600000,0x00000000ec640000,0x00000000ec680000)
  to   space 512K, 0% used [0x00000000ec680000,0x00000000ec680000,0x00000000ec700000)
 ParOldGen       total 68608K, used 48002K [0x00000000c0000000, 0x00000000c4300000, 0x00000000eab00000)
  object space 68608K, 69% used [0x00000000c0000000,0x00000000c2ee0a48,0x00000000c4300000)
 Metaspace       used 58933K, committed 59776K, reserved 1114112K
  class space    used 6852K, committed 7232K, reserved 1048576K
}
Event: 45.324 GC heap after
{Heap after GC invocations=40 (full 2):
 PSYoungGen      total 22016K, used 343K [0x00000000eab00000, 0x00000000ec700000, 0x0000000100000000)
  eden space 21504K, 0% used [0x00000000eab00000,0x00000000eab00000,0x00000000ec000000)
  from space 512K, 67% used [0x00000000ec680000,0x00000000ec6d5f50,0x00000000ec700000)
  to   space 512K, 0% used [0x00000000ec600000,0x00000000ec600000,0x00000000ec680000)
 ParOldGen       total 68608K, used 48058K [0x00000000c0000000, 0x00000000c4300000, 0x00000000eab00000)
  object space 68608K, 70% used [0x00000000c0000000,0x00000000c2eeea48,0x00000000c4300000)
 Metaspace       used 58933K, committed 59776K, reserved 1114112K
  class space    used 6852K, committed 7232K, reserved 1048576K
}
Event: 45.324 GC heap before
{Heap before GC invocations=41 (full 3):
 PSYoungGen      total 22016K, used 343K [0x00000000eab00000, 0x00000000ec700000, 0x0000000100000000)
  eden space 21504K, 0% used [0x00000000eab00000,0x00000000eab00000,0x00000000ec000000)
  from space 512K, 67% used [0x00000000ec680000,0x00000000ec6d5f50,0x00000000ec700000)
  to   space 512K, 0% used [0x00000000ec600000,0x00000000ec600000,0x00000000ec680000)
 ParOldGen       total 68608K, used 48058K [0x00000000c0000000, 0x00000000c4300000, 0x00000000eab00000)
  object space 68608K, 70% used [0x00000000c0000000,0x00000000c2eeea48,0x00000000c4300000)
 Metaspace       used 58933K, committed 59776K, reserved 1114112K
  class space    used 6852K, committed 7232K, reserved 1048576K
}
Event: 45.403 GC heap after
{Heap after GC invocations=41 (full 3):
 PSYoungGen      total 22016K, used 0K [0x00000000eab00000, 0x00000000ec700000, 0x0000000100000000)
  eden space 21504K, 0% used [0x00000000eab00000,0x00000000eab00000,0x00000000ec000000)
  from space 512K, 0% used [0x00000000ec680000,0x00000000ec680000,0x00000000ec700000)
  to   space 512K, 0% used [0x00000000ec600000,0x00000000ec600000,0x00000000ec680000)
 ParOldGen       total 68608K, used 46256K [0x00000000c0000000, 0x00000000c4300000, 0x00000000eab00000)
  object space 68608K, 67% used [0x00000000c0000000,0x00000000c2d2c078,0x00000000c4300000)
 Metaspace       used 58933K, committed 59776K, reserved 1114112K
  class space    used 6852K, committed 7232K, reserved 1048576K
}
Event: 45.992 GC heap before
{Heap before GC invocations=42 (full 3):
 PSYoungGen      total 22016K, used 21504K [0x00000000eab00000, 0x00000000ec700000, 0x0000000100000000)
  eden space 21504K, 100% used [0x00000000eab00000,0x00000000ec000000,0x00000000ec000000)
  from space 512K, 0% used [0x00000000ec680000,0x00000000ec680000,0x00000000ec700000)
  to   space 512K, 0% used [0x00000000ec600000,0x00000000ec600000,0x00000000ec680000)
 ParOldGen       total 68608K, used 46256K [0x00000000c0000000, 0x00000000c4300000, 0x00000000eab00000)
  object space 68608K, 67% used [0x00000000c0000000,0x00000000c2d2c078,0x00000000c4300000)
 Metaspace       used 60190K, committed 61120K, reserved 1114112K
  class space    used 7009K, committed 7424K, reserved 1048576K
}

