# JRE version: Java(TM) SE Runtime Environment 18.9 (11.0.16+11) (build 11.0.16+11-LTS-199)
# Java VM: Java HotSpot(TM) 64-Bit Server VM 18.9 (11.0.16+11-LTS-199, mixed mode, tiered, compressed oops, g1 gc, windows-amd64)
Heap:
 garbage-first heap   total 129024K, used 101484K [0x0000000080000000, 0x0000000100000000)
  region size 1024K, 4 young (4096K), 2 survivors (2048K)
 Metaspace       used 102234K, capacity 105796K, committed 105892K, reserved 608256K
  class space    used 13598K, capacity 14948K, committed 14976K, reserved 516096K
GC Heap History (10 events):
Event: 64.351 GC heap before
{Heap before GC invocations=58 (full 0):
 garbage-first heap   total 129024K, used 107288K [0x0000000080000000, 0x0000000100000000)
  region size 1024K, 15 young (15360K), 1 survivors (1024K)
 Metaspace       used 101713K, capacity 105168K, committed 105380K, reserved 608256K
  class space    used 13563K, capacity 14905K, committed 14976K, reserved 516096K
}
Event: 64.358 GC heap after
{Heap after GC invocations=59 (full 0):
 garbage-first heap   total 129024K, used 95307K [0x0000000080000000, 0x0000000100000000)
  region size 1024K, 2 young (2048K), 2 survivors (2048K)
 Metaspace       used 101713K, capacity 105168K, committed 105380K, reserved 608256K
  class space    used 13563K, capacity 14905K, committed 14976K, reserved 516096K
}
Event: 64.910 GC heap before
{Heap before GC invocations=60 (full 0):
 garbage-first heap   total 129024K, used 107595K [0x0000000080000000, 0x0000000100000000)
  region size 1024K, 15 young (15360K), 2 survivors (2048K)
 Metaspace       used 101736K, capacity 105174K, committed 105380K, reserved 608256K
  class space    used 13564K, capacity 14906K, committed 14976K, reserved 516096K
}
Event: 64.920 GC heap after
{Heap after GC invocations=61 (full 0):
 garbage-first heap   total 129024K, used 97109K [0x0000000080000000, 0x0000000100000000)
  region size 1024K, 2 young (2048K), 2 survivors (2048K)
 Metaspace       used 101736K, capacity 105174K, committed 105380K, reserved 608256K
  class space    used 13564K, capacity 14906K, committed 14976K, reserved 516096K
}
Event: 65.020 GC heap before
{Heap before GC invocations=61 (full 0):
 garbage-first heap   total 129024K, used 101205K [0x0000000080000000, 0x0000000100000000)
  region size 1024K, 6 young (6144K), 2 survivors (2048K)
 Metaspace       used 101744K, capacity 105174K, committed 105380K, reserved 608256K
  class space    used 13564K, capacity 14906K, committed 14976K, reserved 516096K
}
Event: 65.027 GC heap after
{Heap after GC invocations=62 (full 0):
 garbage-first heap   total 129024K, used 96478K [0x0000000080000000, 0x0000000100000000)
  region size 1024K, 1 young (1024K), 1 survivors (1024K)
 Metaspace       used 101744K, capacity 105174K, committed 105380K, reserved 608256K
  class space    used 13564K, capacity 14906K, committed 14976K, reserved 516096K
}
Event: 65.459 GC heap before
{Heap before GC invocations=62 (full 0):
 garbage-first heap   total 129024K, used 108766K [0x0000000080000000, 0x0000000100000000)
  region size 1024K, 13 young (13312K), 1 survivors (1024K)
 Metaspace       used 101883K, capacity 105359K, committed 105636K, reserved 608256K
  class space    used 13569K, capacity 14916K, committed 14976K, reserved 516096K
}
Event: 65.465 GC heap after
{Heap after GC invocations=63 (full 0):
 garbage-first heap   total 129024K, used 97645K [0x0000000080000000, 0x0000000100000000)
  region size 1024K, 2 young (2048K), 2 survivors (2048K)
 Metaspace       used 101883K, capacity 105359K, committed 105636K, reserved 608256K
  class space    used 13569K, capacity 14916K, committed 14976K, reserved 516096K
}
Event: 65.859 GC heap before
{Heap before GC invocations=63 (full 0):
 garbage-first heap   total 129024K, used 109933K [0x0000000080000000, 0x0000000100000000)
  region size 1024K, 14 young (14336K), 2 survivors (2048K)
 Metaspace       used 102028K, capacity 105523K, committed 105636K, reserved 608256K
  class space    used 13578K, capacity 14932K, committed 14976K, reserved 516096K
}
Event: 65.865 GC heap after
{Heap after GC invocations=64 (full 0):
 garbage-first heap   total 129024K, used 99465K [0x0000000080000000, 0x0000000100000000)
  region size 1024K, 2 young (2048K), 2 survivors (2048K)
 Metaspace       used 102028K, capacity 105523K, committed 105636K, reserved 608256K
  class space    used 13578K, capacity 14932K, committed 14976K, reserved 516096K
}

